2024-08-16 12:37:09:379 - [32minfo[39m: [32mApplication running on port: 3000[39m
2024-08-16 12:38:36:3836 - [32minfo[39m: [32mDatabase connected.[39m
2024-08-16 12:38:36:3836 - [32minfo[39m: [32mApplication running on port: 3000[39m
2024-08-16 12:38:52:3852 - [31merror[39m: [31mConnection failed.[39m
2024-08-16 12:38:52:3852 - [31merror[39m: [31mError: MongoParseError: option rtrywrites is not supported[39m
2024-08-16 12:38:52:3852 - [32minfo[39m: [32mApplication running on port: 3000[39m
2024-08-16 12:38:56:3856 - [32minfo[39m: [32mDatabase connected.[39m
2024-08-16 12:38:56:3856 - [32minfo[39m: [32mApplication running on port: 3000[39m
2024-08-16 12:39:25:3925 - [32minfo[39m: [32mDatabase connected.[39m
2024-08-16 12:39:25:3925 - [32minfo[39m: [32mApplication running on port: 3000[39m
2024-08-16 12:49:24:4924 - [32minfo[39m: [32mDatabase connected.[39m
2024-08-16 12:49:24:4924 - [32minfo[39m: [32mApplication running on port: 3000[39m
2024-08-16 12:49:53:4953 - [32minfo[39m: [32mDatabase connected.[39m
2024-08-16 12:49:53:4953 - [32minfo[39m: [32mApplication running on port: 3000[39m
2024-08-16 12:50:26:5026 - [32minfo[39m: [32mDatabase connected.[39m
2024-08-16 12:50:26:5026 - [32minfo[39m: [32mApplication running on port: 3000[39m
2024-08-16 12:50:37:5037 - [35mhttp[39m: [35mGET /api/test 200 12 - 1.805 ms[39m
[35m[39m
2024-08-16 13:04:07:47 - [32minfo[39m: [32mDatabase connected.[39m
2024-08-16 13:04:07:47 - [32minfo[39m: [32mApplication running on port: 3000[39m
2024-08-16 13:05:19:519 - [35mhttp[39m: [35mPOST /api/movie 200 14 - 1.785 ms[39m
[35m[39m
2024-08-16 13:06:03:63 - [35mhttp[39m: [35mPOST /api/movie 200 14 - 0.498 ms[39m
[35m[39m
2024-08-16 13:06:57:657 - [32minfo[39m: [32mDatabase connected.[39m
2024-08-16 13:06:57:657 - [32minfo[39m: [32mApplication running on port: 3000[39m
2024-08-16 13:07:07:77 - [32minfo[39m: [32mDatabase connected.[39m
2024-08-16 13:07:07:77 - [32minfo[39m: [32mApplication running on port: 3000[39m
2024-08-16 13:09:52:952 - [32minfo[39m: [32mDatabase connected.[39m
2024-08-16 13:09:52:952 - [32minfo[39m: [32mApplication running on port: 3000[39m
2024-08-16 13:10:29:1029 - [35mhttp[39m: [35mPOST /api/movie 201 131 - 34.695 ms[39m
[35m[39m
2024-08-16 13:18:37:1837 - [32minfo[39m: [32mDatabase connected.[39m
2024-08-16 13:18:37:1837 - [32minfo[39m: [32mApplication running on port: 3000[39m
2024-08-16 13:19:02:192 - [35mhttp[39m: [35mPOST /api/movie 201 131 - 35.017 ms[39m
[35m[39m
2024-08-16 13:32:32:3232 - [32minfo[39m: [32mDatabase connected.[39m
2024-08-16 13:32:32:3232 - [32minfo[39m: [32mApplication running on port: 3000[39m
2024-08-16 13:34:05:345 - [32minfo[39m: [32mDatabase connected.[39m
2024-08-16 13:34:05:345 - [32minfo[39m: [32mApplication running on port: 3000[39m
2024-08-16 13:35:00:350 - [32minfo[39m: [32mDatabase connected.[39m
2024-08-16 13:35:00:350 - [32minfo[39m: [32mApplication running on port: 3000[39m
2024-08-16 13:35:02:352 - [32minfo[39m: [32mDatabase connected.[39m
2024-08-16 13:35:02:352 - [32minfo[39m: [32mApplication running on port: 3000[39m
2024-08-21 12:03:17:317 - [31merror[39m: [31mConnection failed.[39m
2024-08-21 12:11:57:1157 - [32minfo[39m: [32mDatabase connected.[39m
2024-08-21 12:11:57:1157 - [32minfo[39m: [32mApplication running on port: 3000[39m
2024-08-21 12:12:09:129 - [35mhttp[39m: [35mGET /api/test 200 12 - 2.094 ms[39m
[35m[39m
2024-08-21 12:25:24:2524 - [35mhttp[39m: [35mPOST /api/movie - - - - ms[39m
[35m[39m
2024-08-21 12:27:35:2735 - [32minfo[39m: [32mDatabase connected.[39m
2024-08-21 12:27:35:2735 - [32minfo[39m: [32mApplication running on port: 3000[39m
2024-08-21 12:28:58:2858 - [32minfo[39m: [32mDatabase connected.[39m
2024-08-21 12:28:58:2858 - [32minfo[39m: [32mApplication running on port: 3000[39m
2024-08-21 12:30:20:3020 - [35mhttp[39m: [35mGET /api/movie 200 265 - 22.736 ms[39m
[35m[39m
2024-08-21 12:30:46:3046 - [35mhttp[39m: [35mGET /api/movie/66bf79f54c406309c06a9d9c 200 131 - 18.768 ms[39m
[35m[39m
